#
# There is insufficient memory for the Java Runtime Environment to continue.
# Native memory allocation (malloc) failed to allocate 696976 bytes for Chunk::new
# Possible reasons:
#   The system is out of physical RAM or swap space
#   The process is running with CompressedOops enabled, and the Java Heap may be blocking the growth of the native heap
# Possible solutions:
#   Reduce memory load on the system
#   Increase physical memory or swap space
#   Check if swap backing store is full
#   Decrease Java heap size (-Xmx/-Xms)
#   Decrease number of Java threads
#   Decrease Java thread stack sizes (-Xss)
#   Set larger code cache with -XX:ReservedCodeCacheSize=
#   JVM is running with Unscaled Compressed Oops mode in which the Java heap is
#     placed in the first 4GB address space. The Java Heap base address is the
#     maximum limit for the native heap growth. Please use -XX:HeapBaseMinAddress
#     to set the Java Heap base and to place the Java Heap above 4GB virtual address.
# This output file may be truncated or incomplete.
#
#  Out of Memory Error (arena.cpp:184), pid=1776, tid=13132
#
# JRE version: Java(TM) SE Runtime Environment (19.0.2+7) (build 19.0.2+7-44)
# Java VM: Java HotSpot(TM) 64-Bit Server VM (19.0.2+7-44, mixed mode, sharing, tiered, compressed oops, compressed class ptrs, g1 gc, windows-amd64)
# No core dump will be written. Minidumps are not enabled by default on client versions of Windows
#

---------------  S U M M A R Y ------------

Command Line: -javaagent:C:\Program Files\JetBrains\IntelliJ IDEA 2022.3.3\lib\idea_rt.jar=51274:C:\Program Files\JetBrains\IntelliJ IDEA 2022.3.3\bin -Dfile.encoding=UTF-8 -Dsun.stdout.encoding=UTF-8 -Dsun.stderr.encoding=UTF-8 --module-path=C:\Users\123\IdeaProjects\DB JavaFx Assignment\target\classes;C:\Users\123\.m2\repository\org\openjfx\javafx-fxml\19\javafx-fxml-19-win.jar;C:\Users\123\.m2\repository\org\openjfx\javafx-base\19\javafx-base-19-win.jar;C:\Users\123\.m2\repository\org\controlsfx\controlsfx\11.1.2\controlsfx-11.1.2.jar;C:\Users\123\.m2\repository\com\dlsc\formsfx\formsfx-core\11.5.0\formsfx-core-11.5.0.jar;C:\Users\123\.m2\repository\org\openjfx\javafx-controls\19\javafx-controls-19-win.jar;C:\Users\123\.m2\repository\org\openjfx\javafx-graphics\19\javafx-graphics-19-win.jar -Djdk.module.main=com.example.dbjavafxassignment com.example.dbjavafxassignment/com.example.dbjavafxassignment.Main

Host: Intel(R) Core(TM) i5-4310U CPU @ 2.00GHz, 4 cores, 7G,  Windows 10 , 64 bit Build 19041 (10.0.19041.2546)
Time: Mon Apr  3 22:43:34 2023 Pakistan Standard Time elapsed time: 3.090635 seconds (0d 0h 0m 3s)

---------------  T H R E A D  ---------------

Current thread (0x000001f8d0a321c0):  JavaThread "C2 CompilerThread0" daemon [_thread_in_native, id=13132, stack(0x00000025a6600000,0x00000025a6700000)]


Current CompileTask:
C2:   3090 1812       4       java.lang.invoke.MethodType::makeImpl (109 bytes)

Stack: [0x00000025a6600000,0x00000025a6700000]
Native frames: (J=compiled Java code, j=interpreted, Vv=VM code, C=native code)
V  [jvm.dll+0x6ee21a]
V  [jvm.dll+0x85765e]
V  [jvm.dll+0x85904e]
V  [jvm.dll+0x859703]
V  [jvm.dll+0x28298f]
V  [jvm.dll+0xc9adf]
V  [jvm.dll+0xc9e65]
V  [jvm.dll+0x2f7caf]
V  [jvm.dll+0x5f076b]
V  [jvm.dll+0x25590c]
V  [jvm.dll+0x24e1a7]
V  [jvm.dll+0x24b673]
V  [jvm.dll+0x1d6ce1]
V  [jvm.dll+0x25b25a]
V  [jvm.dll+0x2596e8]
V  [jvm.dll+0x807588]
V  [jvm.dll+0x80125a]
V  [jvm.dll+0x6ecf0b]
C  [ucrtbase.dll+0x21bb2]
C  [KERNEL32.DLL+0x17614]
C  [ntdll.dll+0x526a1]


---------------  P R O C E S S  ---------------

Threads class SMR info:
_java_thread_list=0x000001f8da789120, length=20, elements={
0x000001f8b2a90800, 0x000001f8d0a20ea0, 0x000001f8d0a21c90, 0x000001f8d0a292f0,
0x000001f8d0a2ac30, 0x000001f8d0a2cd10, 0x000001f8d0a2df20, 0x000001f8d0a321c0,
0x000001f8d0a376a0, 0x000001f8d0a52f70, 0x000001f8d4cbb9a0, 0x000001f8d5293da0,
0x000001f8d52942e0, 0x000001f8d55dcd80, 0x000001f8d5652560, 0x000001f8d5137160,
0x000001f8d5796d30, 0x000001f8d5768070, 0x000001f8d57685c0, 0x000001f8d57695b0
}

Java Threads: ( => current thread )
  0x000001f8b2a90800 JavaThread "main" [_thread_blocked, id=13232, stack(0x00000025a5900000,0x00000025a5a00000)]
  0x000001f8d0a20ea0 JavaThread "Reference Handler" daemon [_thread_blocked, id=7776, stack(0x00000025a6000000,0x00000025a6100000)]
  0x000001f8d0a21c90 JavaThread "Finalizer" daemon [_thread_blocked, id=9628, stack(0x00000025a6100000,0x00000025a6200000)]
  0x000001f8d0a292f0 JavaThread "Signal Dispatcher" daemon [_thread_blocked, id=4716, stack(0x00000025a6200000,0x00000025a6300000)]
  0x000001f8d0a2ac30 JavaThread "Attach Listener" daemon [_thread_blocked, id=10324, stack(0x00000025a6300000,0x00000025a6400000)]
  0x000001f8d0a2cd10 JavaThread "Service Thread" daemon [_thread_blocked, id=7472, stack(0x00000025a6400000,0x00000025a6500000)]
  0x000001f8d0a2df20 JavaThread "Monitor Deflation Thread" daemon [_thread_blocked, id=6460, stack(0x00000025a6500000,0x00000025a6600000)]
=>0x000001f8d0a321c0 JavaThread "C2 CompilerThread0" daemon [_thread_in_native, id=13132, stack(0x00000025a6600000,0x00000025a6700000)]
  0x000001f8d0a376a0 JavaThread "C1 CompilerThread0" daemon [_thread_in_native, id=11444, stack(0x00000025a6700000,0x00000025a6800000)]
  0x000001f8d0a52f70 JavaThread "Sweeper thread" daemon [_thread_blocked, id=10884, stack(0x00000025a6800000,0x00000025a6900000)]
  0x000001f8d4cbb9a0 JavaThread "Common-Cleaner" daemon [_thread_blocked, id=288, stack(0x00000025a6900000,0x00000025a6a00000)]
  0x000001f8d5293da0 JavaThread "Monitor Ctrl-Break" daemon [_thread_in_native, id=11128, stack(0x00000025a6b00000,0x00000025a6c00000)]
  0x000001f8d52942e0 JavaThread "Notification Thread" daemon [_thread_blocked, id=7948, stack(0x00000025a6c00000,0x00000025a6d00000)]
  0x000001f8d55dcd80 JavaThread "QuantumRenderer-0" daemon [_thread_blocked, id=13288, stack(0x00000025a7100000,0x00000025a7200000)]
  0x000001f8d5652560 JavaThread "InvokeLaterDispatcher" daemon [_thread_blocked, id=12904, stack(0x00000025a7200000,0x00000025a7300000)]
  0x000001f8d5137160 JavaThread "JavaFX Application Thread" [_thread_in_native, id=10148, stack(0x00000025a7300000,0x00000025a7400000)]
  0x000001f8d5796d30 JavaThread "Thread-1" daemon [_thread_in_native, id=2312, stack(0x00000025a7700000,0x00000025a7800000)]
  0x000001f8d5768070 JavaThread "JavaFX-Launcher" [_thread_blocked, id=8504, stack(0x00000025a7800000,0x00000025a7900000)]
  0x000001f8d57685c0 JavaThread "Prism Font Disposer" daemon [_thread_blocked, id=660, stack(0x00000025a6a00000,0x00000025a6b00000)]
  0x000001f8d57695b0 JavaThread "Cleaner-0" daemon [_thread_blocked, id=4528, stack(0x00000025a7c00000,0x00000025a7d00000)]

Other Threads:
  0x000001f8d0a05770 VMThread "VM Thread" [stack: 0x00000025a5f00000,0x00000025a6000000] [id=2824]
  0x000001f8d5198810 WatcherThread "VM Periodic Task Thread" [stack: 0x00000025a6d00000,0x00000025a6e00000] [id=5324]
  0x000001f8b2aed4d0 WorkerThread "GC Thread#0" [stack: 0x00000025a5a00000,0x00000025a5b00000] [id=9788]
  0x000001f8d51389b0 WorkerThread "GC Thread#1" [stack: 0x00000025a6e00000,0x00000025a6f00000] [id=10812]
  0x000001f8d5540730 WorkerThread "GC Thread#2" [stack: 0x00000025a6f00000,0x00000025a7000000] [id=2632]
  0x000001f8d5152580 WorkerThread "GC Thread#3" [stack: 0x00000025a7000000,0x00000025a7100000] [id=6600]
  0x000001f8b2aff320 ConcurrentGCThread "G1 Main Marker" [stack: 0x00000025a5b00000,0x00000025a5c00000] [id=2692]
  0x000001f8b2b004f0 WorkerThread "G1 Conc#0" [stack: 0x00000025a5c00000,0x00000025a5d00000] [id=11804]
  0x000001f8b2b5e6b0 ConcurrentGCThread "G1 Refine#0" [stack: 0x00000025a5d00000,0x00000025a5e00000] [id=10388]
  0x000001f8d08c4230 ConcurrentGCThread "G1 Service" [stack: 0x00000025a5e00000,0x00000025a5f00000] [id=2080]

Threads with active compile tasks:
C2 CompilerThread0     3147 1812       4       java.lang.invoke.MethodType::makeImpl (109 bytes)

VM state: not at safepoint (normal execution)

VM Mutex/Monitor currently owned by a thread: None

Heap address: 0x0000000081600000, size: 2026 MB, Compressed Oops mode: 32-bit

CDS archive(s) mapped at: [0x0000000800000000-0x0000000800c40000-0x0000000800c40000), size 12845056, SharedBaseAddress: 0x0000000800000000, ArchiveRelocationMode: 0.
Compressed class space mapped at: 0x0000000801000000-0x0000000841000000, reserved size: 1073741824
Narrow klass base: 0x0000000800000000, Narrow klass shift: 0, Narrow klass range: 0x100000000

GC Precious Log:
 CardTable entry size: 512
 Card Set container configuration: InlinePtr #cards 5 size 8 Array Of Cards #cards 12 size 40 Howl #buckets 4 coarsen threshold 1843 Howl Bitmap #cards 512 size 80 coarsen threshold 460 Card regions per heap region 1 cards per card region 2048
 CPUs: 4 total, 4 available
 Memory: 8097M
 Large Page Support: Disabled
 NUMA Support: Disabled
 Compressed Oops: Enabled (32-bit)
 Heap Region Size: 1M
 Heap Min Capacity: 8M
 Heap Initial Capacity: 128M
 Heap Max Capacity: 2026M
 Pre-touch: Disabled
 Parallel Workers: 4
 Concurrent Workers: 1
 Concurrent Refinement Workers: 4
 Periodic GC: Disabled

Heap:
 garbage-first heap   total 131072K, used 36334K [0x0000000081600000, 0x0000000100000000)
  region size 1024K, 30 young (30720K), 3 survivors (3072K)
 Metaspace       used 15253K, committed 15616K, reserved 1114112K
  class space    used 2253K, committed 2432K, reserved 1048576K

Heap Regions: E=young(eden), S=young(survivor), O=old, HS=humongous(starts), HC=humongous(continues), CS=collection set, F=free, OA=open archive, CA=closed archive, TAMS=top-at-mark-start (previous, next)
|   0|0x0000000081600000, 0x0000000081700000, 0x0000000081700000|100%|HS|  |TAMS 0x0000000081600000, 0x0000000081600000| Complete 
|   1|0x0000000081700000, 0x0000000081800000, 0x0000000081800000|100%|HC|  |TAMS 0x0000000081700000, 0x0000000081700000| Complete 
|   2|0x0000000081800000, 0x0000000081900000, 0x0000000081900000|100%|HS|  |TAMS 0x0000000081800000, 0x0000000081800000| Complete 
|   3|0x0000000081900000, 0x0000000081a00000, 0x0000000081a00000|100%|HC|  |TAMS 0x0000000081900000, 0x0000000081900000| Complete 
|   4|0x0000000081a00000, 0x0000000081b00000, 0x0000000081b00000|100%| O|  |TAMS 0x0000000081a00000, 0x0000000081a00000| Untracked 
|   5|0x0000000081b00000, 0x0000000081bc0000, 0x0000000081c00000| 75%| O|  |TAMS 0x0000000081b00000, 0x0000000081b00000| Untracked 
|   6|0x0000000081c00000, 0x0000000081d00000, 0x0000000081d00000|100%|HS|  |TAMS 0x0000000081c00000, 0x0000000081c00000| Complete 
|   7|0x0000000081d00000, 0x0000000081e00000, 0x0000000081e00000|100%|HC|  |TAMS 0x0000000081d00000, 0x0000000081d00000| Complete 
|   8|0x0000000081e00000, 0x0000000081e00000, 0x0000000081f00000|  0%| F|  |TAMS 0x0000000081e00000, 0x0000000081e00000| Untracked 
|   9|0x0000000081f00000, 0x0000000081f00000, 0x0000000082000000|  0%| F|  |TAMS 0x0000000081f00000, 0x0000000081f00000| Untracked 
|  10|0x0000000082000000, 0x0000000082000000, 0x0000000082100000|  0%| F|  |TAMS 0x0000000082000000, 0x0000000082000000| Untracked 
|  11|0x0000000082100000, 0x0000000082100000, 0x0000000082200000|  0%| F|  |TAMS 0x0000000082100000, 0x0000000082100000| Untracked 
|  12|0x0000000082200000, 0x0000000082200000, 0x0000000082300000|  0%| F|  |TAMS 0x0000000082200000, 0x0000000082200000| Untracked 
|  13|0x0000000082300000, 0x0000000082300000, 0x0000000082400000|  0%| F|  |TAMS 0x0000000082300000, 0x0000000082300000| Untracked 
|  14|0x0000000082400000, 0x0000000082400000, 0x0000000082500000|  0%| F|  |TAMS 0x0000000082400000, 0x0000000082400000| Untracked 
|  15|0x0000000082500000, 0x0000000082500000, 0x0000000082600000|  0%| F|  |TAMS 0x0000000082500000, 0x0000000082500000| Untracked 
|  16|0x0000000082600000, 0x0000000082600000, 0x0000000082700000|  0%| F|  |TAMS 0x0000000082600000, 0x0000000082600000| Untracked 
|  17|0x0000000082700000, 0x0000000082700000, 0x0000000082800000|  0%| F|  |TAMS 0x0000000082700000, 0x0000000082700000| Untracked 
|  18|0x0000000082800000, 0x0000000082800000, 0x0000000082900000|  0%| F|  |TAMS 0x0000000082800000, 0x0000000082800000| Untracked 
|  19|0x0000000082900000, 0x0000000082900000, 0x0000000082a00000|  0%| F|  |TAMS 0x0000000082900000, 0x0000000082900000| Untracked 
|  20|0x0000000082a00000, 0x0000000082a00000, 0x0000000082b00000|  0%| F|  |TAMS 0x0000000082a00000, 0x0000000082a00000| Untracked 
|  21|0x0000000082b00000, 0x0000000082b00000, 0x0000000082c00000|  0%| F|  |TAMS 0x0000000082b00000, 0x0000000082b00000| Untracked 
|  22|0x0000000082c00000, 0x0000000082c00000, 0x0000000082d00000|  0%| F|  |TAMS 0x0000000082c00000, 0x0000000082c00000| Untracked 
|  23|0x0000000082d00000, 0x0000000082d00000, 0x0000000082e00000|  0%| F|  |TAMS 0x0000000082d00000, 0x0000000082d00000| Untracked 
|  24|0x0000000082e00000, 0x0000000082e00000, 0x0000000082f00000|  0%| F|  |TAMS 0x0000000082e00000, 0x0000000082e00000| Untracked 
|  25|0x0000000082f00000, 0x0000000082f00000, 0x0000000083000000|  0%| F|  |TAMS 0x0000000082f00000, 0x0000000082f00000| Untracked 
|  26|0x0000000083000000, 0x0000000083000000, 0x0000000083100000|  0%| F|  |TAMS 0x0000000083000000, 0x0000000083000000| Untracked 
|  27|0x0000000083100000, 0x0000000083100000, 0x0000000083200000|  0%| F|  |TAMS 0x0000000083100000, 0x0000000083100000| Untracked 
|  28|0x0000000083200000, 0x0000000083200000, 0x0000000083300000|  0%| F|  |TAMS 0x0000000083200000, 0x0000000083200000| Untracked 
|  29|0x0000000083300000, 0x0000000083300000, 0x0000000083400000|  0%| F|  |TAMS 0x0000000083300000, 0x0000000083300000| Untracked 
|  30|0x0000000083400000, 0x0000000083400000, 0x0000000083500000|  0%| F|  |TAMS 0x0000000083400000, 0x0000000083400000| Untracked 
|  31|0x0000000083500000, 0x0000000083500000, 0x0000000083600000|  0%| F|  |TAMS 0x0000000083500000, 0x0000000083500000| Untracked 
|  32|0x0000000083600000, 0x0000000083600000, 0x0000000083700000|  0%| F|  |TAMS 0x0000000083600000, 0x0000000083600000| Untracked 
|  33|0x0000000083700000, 0x0000000083700000, 0x0000000083800000|  0%| F|  |TAMS 0x0000000083700000, 0x0000000083700000| Untracked 
|  34|0x0000000083800000, 0x0000000083800000, 0x0000000083900000|  0%| F|  |TAMS 0x0000000083800000, 0x0000000083800000| Untracked 
|  35|0x0000000083900000, 0x0000000083900000, 0x0000000083a00000|  0%| F|  |TAMS 0x0000000083900000, 0x0000000083900000| Untracked 
|  36|0x0000000083a00000, 0x0000000083a00000, 0x0000000083b00000|  0%| F|  |TAMS 0x0000000083a00000, 0x0000000083a00000| Untracked 
|  37|0x0000000083b00000, 0x0000000083b00000, 0x0000000083c00000|  0%| F|  |TAMS 0x0000000083b00000, 0x0000000083b00000| Untracked 
|  38|0x0000000083c00000, 0x0000000083c00000, 0x0000000083d00000|  0%| F|  |TAMS 0x0000000083c00000, 0x0000000083c00000| Untracked 
|  39|0x0000000083d00000, 0x0000000083d00000, 0x0000000083e00000|  0%| F|  |TAMS 0x0000000083d00000, 0x0000000083d00000| Untracked 
|  40|0x0000000083e00000, 0x0000000083e00000, 0x0000000083f00000|  0%| F|  |TAMS 0x0000000083e00000, 0x0000000083e00000| Untracked 
|  41|0x0000000083f00000, 0x0000000083f00000, 0x0000000084000000|  0%| F|  |TAMS 0x0000000083f00000, 0x0000000083f00000| Untracked 
|  42|0x0000000084000000, 0x0000000084000000, 0x0000000084100000|  0%| F|  |TAMS 0x0000000084000000, 0x0000000084000000| Untracked 
|  43|0x0000000084100000, 0x0000000084100000, 0x0000000084200000|  0%| F|  |TAMS 0x0000000084100000, 0x0000000084100000| Untracked 
|  44|0x0000000084200000, 0x0000000084200000, 0x0000000084300000|  0%| F|  |TAMS 0x0000000084200000, 0x0000000084200000| Untracked 
|  45|0x0000000084300000, 0x0000000084300000, 0x0000000084400000|  0%| F|  |TAMS 0x0000000084300000, 0x0000000084300000| Untracked 
|  46|0x0000000084400000, 0x0000000084400000, 0x0000000084500000|  0%| F|  |TAMS 0x0000000084400000, 0x0000000084400000| Untracked 
|  47|0x0000000084500000, 0x0000000084500000, 0x0000000084600000|  0%| F|  |TAMS 0x0000000084500000, 0x0000000084500000| Untracked 
|  48|0x0000000084600000, 0x0000000084600000, 0x0000000084700000|  0%| F|  |TAMS 0x0000000084600000, 0x0000000084600000| Untracked 
|  49|0x0000000084700000, 0x0000000084700000, 0x0000000084800000|  0%| F|  |TAMS 0x0000000084700000, 0x0000000084700000| Untracked 
|  50|0x0000000084800000, 0x0000000084800000, 0x0000000084900000|  0%| F|  |TAMS 0x0000000084800000, 0x0000000084800000| Untracked 
|  51|0x0000000084900000, 0x0000000084900000, 0x0000000084a00000|  0%| F|  |TAMS 0x0000000084900000, 0x0000000084900000| Untracked 
|  52|0x0000000084a00000, 0x0000000084a00000, 0x0000000084b00000|  0%| F|  |TAMS 0x0000000084a00000, 0x0000000084a00000| Untracked 
|  53|0x0000000084b00000, 0x0000000084b00000, 0x0000000084c00000|  0%| F|  |TAMS 0x0000000084b00000, 0x0000000084b00000| Untracked 
|  54|0x0000000084c00000, 0x0000000084c00000, 0x0000000084d00000|  0%| F|  |TAMS 0x0000000084c00000, 0x0000000084c00000| Untracked 
|  55|0x0000000084d00000, 0x0000000084d00000, 0x0000000084e00000|  0%| F|  |TAMS 0x0000000084d00000, 0x0000000084d00000| Untracked 
|  56|0x0000000084e00000, 0x0000000084e00000, 0x0000000084f00000|  0%| F|  |TAMS 0x0000000084e00000, 0x0000000084e00000| Untracked 
|  57|0x0000000084f00000, 0x0000000084f00000, 0x0000000085000000|  0%| F|  |TAMS 0x0000000084f00000, 0x0000000084f00000| Untracked 
|  58|0x0000000085000000, 0x0000000085000000, 0x0000000085100000|  0%| F|  |TAMS 0x0000000085000000, 0x0000000085000000| Untracked 
|  59|0x0000000085100000, 0x0000000085100000, 0x0000000085200000|  0%| F|  |TAMS 0x0000000085100000, 0x0000000085100000| Untracked 
|  60|0x0000000085200000, 0x0000000085200000, 0x0000000085300000|  0%| F|  |TAMS 0x0000000085200000, 0x0000000085200000| Untracked 
|  61|0x0000000085300000, 0x0000000085300000, 0x0000000085400000|  0%| F|  |TAMS 0x0000000085300000, 0x0000000085300000| Untracked 
|  62|0x0000000085400000, 0x0000000085400000, 0x0000000085500000|  0%| F|  |TAMS 0x0000000085400000, 0x0000000085400000| Untracked 
|  63|0x0000000085500000, 0x0000000085500000, 0x0000000085600000|  0%| F|  |TAMS 0x0000000085500000, 0x0000000085500000| Untracked 
|  64|0x0000000085600000, 0x0000000085600000, 0x0000000085700000|  0%| F|  |TAMS 0x0000000085600000, 0x0000000085600000| Untracked 
|  65|0x0000000085700000, 0x0000000085700000, 0x0000000085800000|  0%| F|  |TAMS 0x0000000085700000, 0x0000000085700000| Untracked 
|  66|0x0000000085800000, 0x0000000085800000, 0x0000000085900000|  0%| F|  |TAMS 0x0000000085800000, 0x0000000085800000| Untracked 
|  67|0x0000000085900000, 0x0000000085900000, 0x0000000085a00000|  0%| F|  |TAMS 0x0000000085900000, 0x0000000085900000| Untracked 
|  68|0x0000000085a00000, 0x0000000085a00000, 0x0000000085b00000|  0%| F|  |TAMS 0x0000000085a00000, 0x0000000085a00000| Untracked 
|  69|0x0000000085b00000, 0x0000000085b00000, 0x0000000085c00000|  0%| F|  |TAMS 0x0000000085b00000, 0x0000000085b00000| Untracked 
|  70|0x0000000085c00000, 0x0000000085c00000, 0x0000000085d00000|  0%| F|  |TAMS 0x0000000085c00000, 0x0000000085c00000| Untracked 
|  71|0x0000000085d00000, 0x0000000085d00000, 0x0000000085e00000|  0%| F|  |TAMS 0x0000000085d00000, 0x0000000085d00000| Untracked 
|  72|0x0000000085e00000, 0x0000000085e00000, 0x0000000085f00000|  0%| F|  |TAMS 0x0000000085e00000, 0x0000000085e00000| Untracked 
|  73|0x0000000085f00000, 0x0000000085f00000, 0x0000000086000000|  0%| F|  |TAMS 0x0000000085f00000, 0x0000000085f00000| Untracked 
|  74|0x0000000086000000, 0x0000000086000000, 0x0000000086100000|  0%| F|  |TAMS 0x0000000086000000, 0x0000000086000000| Untracked 
|  75|0x0000000086100000, 0x0000000086100000, 0x0000000086200000|  0%| F|  |TAMS 0x0000000086100000, 0x0000000086100000| Untracked 
|  76|0x0000000086200000, 0x0000000086200000, 0x0000000086300000|  0%| F|  |TAMS 0x0000000086200000, 0x0000000086200000| Untracked 
|  77|0x0000000086300000, 0x0000000086300000, 0x0000000086400000|  0%| F|  |TAMS 0x0000000086300000, 0x0000000086300000| Untracked 
|  78|0x0000000086400000, 0x0000000086400000, 0x0000000086500000|  0%| F|  |TAMS 0x0000000086400000, 0x0000000086400000| Untracked 
|  79|0x0000000086500000, 0x0000000086500000, 0x0000000086600000|  0%| F|  |TAMS 0x0000000086500000, 0x0000000086500000| Untracked 
|  80|0x0000000086600000, 0x0000000086600000, 0x0000000086700000|  0%| F|  |TAMS 0x0000000086600000, 0x0000000086600000| Untracked 
|  81|0x0000000086700000, 0x0000000086700000, 0x0000000086800000|  0%| F|  |TAMS 0x0000000086700000, 0x0000000086700000| Untracked 
|  82|0x0000000086800000, 0x0000000086800000, 0x0000000086900000|  0%| F|  |TAMS 0x0000000086800000, 0x0000000086800000| Untracked 
|  83|0x0000000086900000, 0x0000000086900000, 0x0000000086a00000|  0%| F|  |TAMS 0x0000000086900000, 0x0000000086900000| Untracked 
|  84|0x0000000086a00000, 0x0000000086a00000, 0x0000000086b00000|  0%| F|  |TAMS 0x0000000086a00000, 0x0000000086a00000| Untracked 
|  85|0x0000000086b00000, 0x0000000086b00000, 0x0000000086c00000|  0%| F|  |TAMS 0x0000000086b00000, 0x0000000086b00000| Untracked 
|  86|0x0000000086c00000, 0x0000000086c00000, 0x0000000086d00000|  0%| F|  |TAMS 0x0000000086c00000, 0x0000000086c00000| Untracked 
|  87|0x0000000086d00000, 0x0000000086d00000, 0x0000000086e00000|  0%| F|  |TAMS 0x0000000086d00000, 0x0000000086d00000| Untracked 
|  88|0x0000000086e00000, 0x0000000086e00000, 0x0000000086f00000|  0%| F|  |TAMS 0x0000000086e00000, 0x0000000086e00000| Untracked 
|  89|0x0000000086f00000, 0x0000000086f00000, 0x0000000087000000|  0%| F|  |TAMS 0x0000000086f00000, 0x0000000086f00000| Untracked 
|  90|0x0000000087000000, 0x0000000087000000, 0x0000000087100000|  0%| F|  |TAMS 0x0000000087000000, 0x0000000087000000| Untracked 
|  91|0x0000000087100000, 0x0000000087100000, 0x0000000087200000|  0%| F|  |TAMS 0x0000000087100000, 0x0000000087100000| Untracked 
|  92|0x0000000087200000, 0x0000000087200000, 0x0000000087300000|  0%| F|  |TAMS 0x0000000087200000, 0x0000000087200000| Untracked 
|  93|0x0000000087300000, 0x0000000087300000, 0x0000000087400000|  0%| F|  |TAMS 0x0000000087300000, 0x0000000087300000| Untracked 
|  94|0x0000000087400000, 0x0000000087400000, 0x0000000087500000|  0%| F|  |TAMS 0x0000000087400000, 0x0000000087400000| Untracked 
|  95|0x0000000087500000, 0x0000000087500000, 0x0000000087600000|  0%| F|  |TAMS 0x0000000087500000, 0x0000000087500000| Untracked 
|  96|0x0000000087600000, 0x0000000087600000, 0x0000000087700000|  0%| F|  |TAMS 0x0000000087600000, 0x0000000087600000| Untracked 
|  97|0x0000000087700000, 0x0000000087700000, 0x0000000087800000|  0%| F|  |TAMS 0x0000000087700000, 0x0000000087700000| Untracked 
|  98|0x0000000087800000, 0x0000000087870058, 0x0000000087900000| 43%| E|  |TAMS 0x0000000087800000, 0x0000000087800000| Complete 
|  99|0x0000000087900000, 0x0000000087a00000, 0x0000000087a00000|100%| E|CS|TAMS 0x0000000087900000, 0x0000000087900000| Complete 
| 100|0x0000000087a00000, 0x0000000087b00000, 0x0000000087b00000|100%| E|CS|TAMS 0x0000000087a00000, 0x0000000087a00000| Complete 
| 101|0x0000000087b00000, 0x0000000087c00000, 0x0000000087c00000|100%| E|CS|TAMS 0x0000000087b00000, 0x0000000087b00000| Complete 
| 102|0x0000000087c00000, 0x0000000087d00000, 0x0000000087d00000|100%| E|CS|TAMS 0x0000000087c00000, 0x0000000087c00000| Complete 
| 103|0x0000000087d00000, 0x0000000087e00000, 0x0000000087e00000|100%| E|CS|TAMS 0x0000000087d00000, 0x0000000087d00000| Complete 
| 104|0x0000000087e00000, 0x0000000087f00000, 0x0000000087f00000|100%| E|CS|TAMS 0x0000000087e00000, 0x0000000087e00000| Complete 
| 105|0x0000000087f00000, 0x0000000088000000, 0x0000000088000000|100%| E|CS|TAMS 0x0000000087f00000, 0x0000000087f00000| Complete 
| 106|0x0000000088000000, 0x00000000880bb980, 0x0000000088100000| 73%| S|CS|TAMS 0x0000000088000000, 0x0000000088000000| Complete 
| 107|0x0000000088100000, 0x0000000088200000, 0x0000000088200000|100%| S|CS|TAMS 0x0000000088100000, 0x0000000088100000| Complete 
| 108|0x0000000088200000, 0x0000000088300000, 0x0000000088300000|100%| S|CS|TAMS 0x0000000088200000, 0x0000000088200000| Complete 
| 109|0x0000000088300000, 0x0000000088400000, 0x0000000088400000|100%| E|CS|TAMS 0x0000000088300000, 0x0000000088300000| Complete 
| 110|0x0000000088400000, 0x0000000088500000, 0x0000000088500000|100%| E|CS|TAMS 0x0000000088400000, 0x0000000088400000| Complete 
| 111|0x0000000088500000, 0x0000000088600000, 0x0000000088600000|100%| E|CS|TAMS 0x0000000088500000, 0x0000000088500000| Complete 
| 112|0x0000000088600000, 0x0000000088700000, 0x0000000088700000|100%| E|  |TAMS 0x0000000088600000, 0x0000000088600000| Complete 
| 113|0x0000000088700000, 0x0000000088800000, 0x0000000088800000|100%| E|CS|TAMS 0x0000000088700000, 0x0000000088700000| Complete 
| 114|0x0000000088800000, 0x0000000088900000, 0x0000000088900000|100%| E|CS|TAMS 0x0000000088800000, 0x0000000088800000| Complete 
| 115|0x0000000088900000, 0x0000000088a00000, 0x0000000088a00000|100%| E|CS|TAMS 0x0000000088900000, 0x0000000088900000| Complete 
| 116|0x0000000088a00000, 0x0000000088b00000, 0x0000000088b00000|100%| E|CS|TAMS 0x0000000088a00000, 0x0000000088a00000| Complete 
| 117|0x0000000088b00000, 0x0000000088c00000, 0x0000000088c00000|100%| E|CS|TAMS 0x0000000088b00000, 0x0000000088b00000| Complete 
| 118|0x0000000088c00000, 0x0000000088d00000, 0x0000000088d00000|100%| E|CS|TAMS 0x0000000088c00000, 0x0000000088c00000| Complete 
| 119|0x0000000088d00000, 0x0000000088e00000, 0x0000000088e00000|100%| E|CS|TAMS 0x0000000088d00000, 0x0000000088d00000| Complete 
| 120|0x0000000088e00000, 0x0000000088f00000, 0x0000000088f00000|100%| E|CS|TAMS 0x0000000088e00000, 0x0000000088e00000| Complete 
| 121|0x0000000088f00000, 0x0000000089000000, 0x0000000089000000|100%| E|CS|TAMS 0x0000000088f00000, 0x0000000088f00000| Complete 
| 122|0x0000000089000000, 0x0000000089100000, 0x0000000089100000|100%| E|CS|TAMS 0x0000000089000000, 0x0000000089000000| Complete 
| 123|0x0000000089100000, 0x0000000089200000, 0x0000000089200000|100%| E|CS|TAMS 0x0000000089100000, 0x0000000089100000| Complete 
| 124|0x0000000089200000, 0x0000000089300000, 0x0000000089300000|100%| E|CS|TAMS 0x0000000089200000, 0x0000000089200000| Complete 
| 125|0x0000000089300000, 0x0000000089400000, 0x0000000089400000|100%| E|CS|TAMS 0x0000000089300000, 0x0000000089300000| Complete 
| 126|0x0000000089400000, 0x0000000089500000, 0x0000000089500000|100%| E|CS|TAMS 0x0000000089400000, 0x0000000089400000| Complete 
| 127|0x0000000089500000, 0x0000000089600000, 0x0000000089600000|100%| E|CS|TAMS 0x0000000089500000, 0x0000000089500000| Complete 

Card table byte_map: [0x000001f8c9e00000,0x000001f8ca200000] _byte_map_base: 0x000001f8c99f5000

Marking Bits (Prev, Next): (CMBitMap*) 0x000001f8b2aeeb10, (CMBitMap*) 0x000001f8b2aeeb50
 Prev Bits: [0x000001f8ca600000, 0x000001f8cc5a8000)
 Next Bits: [0x000001f8cc5b0000, 0x000001f8ce558000)

Polling page: 0x000001f8b0920000

Metaspace:

Usage:
  Non-class:     12.70 MB used.
      Class:      2.20 MB used.
       Both:     14.90 MB used.

Virtual space:
  Non-class space:       64.00 MB reserved,      12.88 MB ( 20%) committed,  1 nodes.
      Class space:        1.00 GB reserved,       2.38 MB ( <1%) committed,  1 nodes.
             Both:        1.06 GB reserved,      15.25 MB (  1%) committed. 

Chunk freelists:
   Non-Class:  2.33 MB
       Class:  1.60 MB
        Both:  3.93 MB

MaxMetaspaceSize: unlimited
CompressedClassSpaceSize: 1.00 GB
Initial GC threshold: 21.00 MB
Current GC threshold: 21.00 MB
CDS: on
MetaspaceReclaimPolicy: balanced
 - commit_granule_bytes: 65536.
 - commit_granule_words: 8192.
 - virtual_space_node_default_size: 8388608.
 - enlarge_chunks_in_place: 1.
 - new_chunks_are_fully_committed: 0.
 - uncommit_free_chunks: 1.
 - use_allocation_guard: 0.


Internal statistics:

num_allocs_failed_limit: 0.
num_arena_births: 350.
num_arena_deaths: 0.
num_vsnodes_births: 2.
num_vsnodes_deaths: 0.
num_space_committed: 244.
num_space_uncommitted: 0.
num_chunks_returned_to_freelist: 0.
num_chunks_taken_from_freelist: 805.
num_chunk_merges: 0.
num_chunk_splits: 573.
num_chunks_enlarged: 442.
num_inconsistent_stats: 0.

CodeHeap 'non-profiled nmethods': size=120000Kb used=667Kb max_used=667Kb free=119332Kb
 bounds [0x000001f8c24d0000, 0x000001f8c2740000, 0x000001f8c9a00000]
CodeHeap 'profiled nmethods': size=120000Kb used=3344Kb max_used=3344Kb free=116655Kb
 bounds [0x000001f8baa00000, 0x000001f8bad50000, 0x000001f8c1f30000]
CodeHeap 'non-nmethods': size=5760Kb used=1514Kb max_used=1530Kb free=4245Kb
 bounds [0x000001f8c1f30000, 0x000001f8c21a0000, 0x000001f8c24d0000]
 total_blobs=2624 nmethods=1830 adapters=704
 compilation: enabled
              stopped_count=0, restarted_count=0
 full_count=0

Compilation events (20 events):
Event: 2.992 Thread 0x000001f8d0a376a0 1821       3       sun.misc.Unsafe::getByte (8 bytes)
Event: 2.992 Thread 0x000001f8d0a376a0 nmethod 1821 0x000001f8bad42110 code [0x000001f8bad422c0, 0x000001f8bad42458]
Event: 2.995 Thread 0x000001f8d0a376a0 1822       1       java.lang.Class::getClassLoader0 (5 bytes)
Event: 2.995 Thread 0x000001f8d0a376a0 nmethod 1822 0x000001f8c2574190 code [0x000001f8c2574320, 0x000001f8c25743d8]
Event: 2.995 Thread 0x000001f8d0a376a0 1823       1       java.nio.Buffer::capacity (5 bytes)
Event: 2.995 Thread 0x000001f8d0a376a0 nmethod 1823 0x000001f8c2574490 code [0x000001f8c2574620, 0x000001f8c25746d8]
Event: 2.995 Thread 0x000001f8d0a376a0 1824       3       java.nio.CharBuffer::position (8 bytes)
Event: 2.996 Thread 0x000001f8d0a321c0 nmethod 1811 0x000001f8c2574790 code [0x000001f8c2574960, 0x000001f8c2575358]
Event: 2.996 Thread 0x000001f8d0a376a0 nmethod 1824 0x000001f8bad42510 code [0x000001f8bad426c0, 0x000001f8bad42808]
Event: 2.996 Thread 0x000001f8d0a376a0 1825       3       java.nio.CharBuffer::position (6 bytes)
Event: 2.996 Thread 0x000001f8d0a321c0 1814   !   4       java.util.WeakHashMap::expungeStaleEntries (139 bytes)
Event: 2.996 Thread 0x000001f8d0a376a0 nmethod 1825 0x000001f8bad42890 code [0x000001f8bad42a40, 0x000001f8bad42be8]
Event: 2.996 Thread 0x000001f8d0a376a0 1827       3       java.lang.StringCoding::implEncodeAsciiArray (47 bytes)
Event: 2.997 Thread 0x000001f8d0a376a0 nmethod 1827 0x000001f8bad42c90 code [0x000001f8bad42e40, 0x000001f8bad43098]
Event: 3.007 Thread 0x000001f8d0a321c0 nmethod 1814 0x000001f8c2575910 code [0x000001f8c2575b20, 0x000001f8c2576170]
Event: 3.007 Thread 0x000001f8d0a321c0 1826       4       java.lang.StringBuilder::<init> (7 bytes)
Event: 3.009 Thread 0x000001f8d0a321c0 nmethod 1826 0x000001f8c2576690 code [0x000001f8c2576820, 0x000001f8c25769d8]
Event: 3.009 Thread 0x000001f8d0a321c0 1812       4       java.lang.invoke.MethodType::makeImpl (109 bytes)
Event: 3.050 Thread 0x000001f8d0a376a0 1828       3       java.util.WeakHashMap::isEmpty (13 bytes)
Event: 3.050 Thread 0x000001f8d0a376a0 nmethod 1828 0x000001f8bad43210 code [0x000001f8bad433c0, 0x000001f8bad43628]

GC Heap History (4 events):
Event: 0.889 GC heap before
{Heap before GC invocations=0 (full 0):
 garbage-first heap   total 131072K, used 12288K [0x0000000081600000, 0x0000000100000000)
  region size 1024K, 13 young (13312K), 0 survivors (0K)
 Metaspace       used 2504K, committed 2624K, reserved 1114112K
  class space    used 249K, committed 320K, reserved 1048576K
}
Event: 0.893 GC heap after
{Heap after GC invocations=1 (full 0):
 garbage-first heap   total 131072K, used 1960K [0x0000000081600000, 0x0000000100000000)
  region size 1024K, 2 young (2048K), 2 survivors (2048K)
 Metaspace       used 2504K, committed 2624K, reserved 1114112K
  class space    used 249K, committed 320K, reserved 1048576K
}
Event: 1.551 GC heap before
{Heap before GC invocations=1 (full 0):
 garbage-first heap   total 131072K, used 22440K [0x0000000081600000, 0x0000000100000000)
  region size 1024K, 19 young (19456K), 2 survivors (2048K)
 Metaspace       used 8315K, committed 8576K, reserved 1114112K
  class space    used 1003K, committed 1152K, reserved 1048576K
}
Event: 1.558 GC heap after
{Heap after GC invocations=2 (full 0):
 garbage-first heap   total 131072K, used 8686K [0x0000000081600000, 0x0000000100000000)
  region size 1024K, 3 young (3072K), 3 survivors (3072K)
 Metaspace       used 8315K, committed 8576K, reserved 1114112K
  class space    used 1003K, committed 1152K, reserved 1048576K
}

Dll operation events (20 events):
Event: 0.768 Loaded shared library C:\Users\123\.openjfx\cache\19+11\amd64\api-ms-win-crt-math-l1-1-0.dll
Event: 0.774 Loaded shared library C:\Users\123\.openjfx\cache\19+11\amd64\api-ms-win-crt-multibyte-l1-1-0.dll
Event: 0.780 Loaded shared library C:\Users\123\.openjfx\cache\19+11\amd64\api-ms-win-crt-private-l1-1-0.dll
Event: 0.786 Loaded shared library C:\Users\123\.openjfx\cache\19+11\amd64\api-ms-win-crt-process-l1-1-0.dll
Event: 0.791 Loaded shared library C:\Users\123\.openjfx\cache\19+11\amd64\api-ms-win-crt-runtime-l1-1-0.dll
Event: 0.797 Loaded shared library C:\Users\123\.openjfx\cache\19+11\amd64\api-ms-win-crt-stdio-l1-1-0.dll
Event: 0.803 Loaded shared library C:\Users\123\.openjfx\cache\19+11\amd64\api-ms-win-crt-string-l1-1-0.dll
Event: 0.809 Loaded shared library C:\Users\123\.openjfx\cache\19+11\amd64\api-ms-win-crt-time-l1-1-0.dll
Event: 0.815 Loaded shared library C:\Users\123\.openjfx\cache\19+11\amd64\api-ms-win-crt-utility-l1-1-0.dll
Event: 0.843 Loaded shared library C:\Users\123\.openjfx\cache\19+11\amd64\ucrtbase.dll
Event: 0.850 Loaded shared library C:\Users\123\.openjfx\cache\19+11\amd64\vcruntime140.dll
Event: 0.856 Loaded shared library C:\Users\123\.openjfx\cache\19+11\amd64\vcruntime140_1.dll
Event: 0.872 Loaded shared library C:\Users\123\.openjfx\cache\19+11\amd64\msvcp140.dll
Event: 0.879 Loaded shared library C:\Users\123\.openjfx\cache\19+11\amd64\msvcp140_1.dll
Event: 0.888 Loaded shared library C:\Users\123\.openjfx\cache\19+11\amd64\msvcp140_2.dll
Event: 0.972 Loaded shared library C:\Users\123\.openjfx\cache\19+11\amd64\prism_d3d.dll
Event: 1.027 Loaded shared library C:\Users\123\.openjfx\cache\19+11\amd64\glass.dll
Event: 1.076 Loaded shared library C:\Program Files\Java\jdk-19\bin\jimage.dll
Event: 1.450 Loaded shared library C:\Users\123\.openjfx\cache\19+11\amd64\javafx_iio.dll
Event: 1.629 Loaded shared library C:\Users\123\.openjfx\cache\19+11\amd64\javafx_font.dll

Deoptimization events (20 events):
Event: 2.134 Thread 0x000001f8d5137160 Uncommon trap: trap_request=0xffffffde fr.pc=0x000001f8c24e583c relative=0x000000000000019c
Event: 2.134 Thread 0x000001f8d5137160 Uncommon trap: reason=class_check action=maybe_recompile pc=0x000001f8c24e583c method=java.lang.String.equals(Ljava/lang/Object;)Z @ 8 c2
Event: 2.134 Thread 0x000001f8d5137160 DEOPT PACKING pc=0x000001f8c24e583c sp=0x00000025a73fd6e0
Event: 2.134 Thread 0x000001f8d5137160 DEOPT UNPACKING pc=0x000001f8c1f96da3 sp=0x00000025a73fd688 mode 2
Event: 2.134 Thread 0x000001f8d5137160 Uncommon trap: trap_request=0xffffffde fr.pc=0x000001f8c24e583c relative=0x000000000000019c
Event: 2.134 Thread 0x000001f8d5137160 Uncommon trap: reason=class_check action=maybe_recompile pc=0x000001f8c24e583c method=java.lang.String.equals(Ljava/lang/Object;)Z @ 8 c2
Event: 2.134 Thread 0x000001f8d5137160 DEOPT PACKING pc=0x000001f8c24e583c sp=0x00000025a73fd5f0
Event: 2.134 Thread 0x000001f8d5137160 DEOPT UNPACKING pc=0x000001f8c1f96da3 sp=0x00000025a73fd598 mode 2
Event: 2.134 Thread 0x000001f8d5137160 Uncommon trap: trap_request=0xffffffde fr.pc=0x000001f8c24e583c relative=0x000000000000019c
Event: 2.134 Thread 0x000001f8d5137160 Uncommon trap: reason=class_check action=maybe_recompile pc=0x000001f8c24e583c method=java.lang.String.equals(Ljava/lang/Object;)Z @ 8 c2
Event: 2.134 Thread 0x000001f8d5137160 DEOPT PACKING pc=0x000001f8c24e583c sp=0x00000025a73fd5f0
Event: 2.134 Thread 0x000001f8d5137160 DEOPT UNPACKING pc=0x000001f8c1f96da3 sp=0x00000025a73fd598 mode 2
Event: 2.137 Thread 0x000001f8d5137160 Uncommon trap: trap_request=0xffffffde fr.pc=0x000001f8c24e583c relative=0x000000000000019c
Event: 2.137 Thread 0x000001f8d5137160 Uncommon trap: reason=class_check action=maybe_recompile pc=0x000001f8c24e583c method=java.lang.String.equals(Ljava/lang/Object;)Z @ 8 c2
Event: 2.137 Thread 0x000001f8d5137160 DEOPT PACKING pc=0x000001f8c24e583c sp=0x00000025a73fd530
Event: 2.137 Thread 0x000001f8d5137160 DEOPT UNPACKING pc=0x000001f8c1f96da3 sp=0x00000025a73fd4d8 mode 2
Event: 2.404 Thread 0x000001f8d5137160 Uncommon trap: trap_request=0xffffff45 fr.pc=0x000001f8c2542b64 relative=0x00000000000001c4
Event: 2.404 Thread 0x000001f8d5137160 Uncommon trap: reason=unstable_if action=reinterpret pc=0x000001f8c2542b64 method=java.io.ByteArrayInputStream.read()I @ 8 c2
Event: 2.404 Thread 0x000001f8d5137160 DEOPT PACKING pc=0x000001f8c2542b64 sp=0x00000025a73fc5f0
Event: 2.404 Thread 0x000001f8d5137160 DEOPT UNPACKING pc=0x000001f8c1f96da3 sp=0x00000025a73fc5a8 mode 2

Classes loaded (20 events):
Event: 2.487 Loading class java/nio/DoubleBuffer
Event: 2.487 Loading class java/nio/DoubleBuffer done
Event: 2.489 Loading class java/nio/DirectFloatBufferU
Event: 2.489 Loading class java/nio/DirectFloatBufferU done
Event: 2.506 Loading class java/lang/Throwable$WrappedPrintStream
Event: 2.506 Loading class java/lang/Throwable$PrintStreamOrWriter
Event: 2.506 Loading class java/lang/Throwable$PrintStreamOrWriter done
Event: 2.506 Loading class java/lang/Throwable$WrappedPrintStream done
Event: 2.942 Loading class jdk/internal/foreign/MemorySessionImpl
Event: 2.942 Loading class java/lang/foreign/MemorySession
Event: 2.943 Loading class java/lang/foreign/SegmentAllocator
Event: 2.943 Loading class java/lang/foreign/SegmentAllocator done
Event: 2.943 Loading class java/lang/foreign/MemorySession done
Event: 2.943 Loading class jdk/internal/foreign/MemorySessionImpl done
Event: 2.961 Loading class jdk/internal/ref/CleanerImpl$InnocuousThreadFactory
Event: 2.961 Loading class jdk/internal/ref/CleanerImpl$InnocuousThreadFactory done
Event: 2.970 Loading class sun/misc/Unsafe
Event: 2.970 Loading class sun/misc/Unsafe done
Event: 2.971 Loading class java/lang/invoke/DirectMethodHandle$StaticAccessor
Event: 2.971 Loading class java/lang/invoke/DirectMethodHandle$StaticAccessor done

Classes unloaded (0 events):
No events

Classes redefined (0 events):
No events

Internal exceptions (20 events):
Event: 1.924 Thread 0x000001f8d5137160 Implicit null exception at 0x000001f8c24ef4d8 to 0x000001f8c24ef56e
Event: 1.935 Thread 0x000001f8d5137160 Implicit null exception at 0x000001f8c2542ecc to 0x000001f8c2543190
Event: 1.935 Thread 0x000001f8d5137160 Implicit null exception at 0x000001f8c254214c to 0x000001f8c25423fc
Event: 2.085 Thread 0x000001f8d5137160 Implicit null exception at 0x000001f8c25438fb to 0x000001f8c2543f0c
Event: 2.172 Thread 0x000001f8d5137160 Exception <a 'java/lang/NoSuchMethodError'{0x0000000088641f48}: 'java.lang.Object java.lang.invoke.DirectMethodHandle$Holder.invokeInterface(java.lang.Object, java.lang.Object, java.lang.Object)'> (0x0000000088641f48) 
thrown [s\open\src\hotspot\share\interpreter\linkResolver.cpp, line 774]
Event: 2.173 Thread 0x000001f8d5137160 Exception <a 'java/lang/IncompatibleClassChangeError'{0x00000000886458d8}: Found class java.lang.Object, but interface was expected> (0x00000000886458d8) 
thrown [s\open\src\hotspot\share\interpreter\linkResolver.cpp, line 841]
Event: 2.241 Thread 0x000001f8d5137160 Exception <a 'java/lang/ClassNotFoundException'{0x000000008843b7d8}: com/sun/javafx/scene/control/skin/resources/controls> (0x000000008843b7d8) 
thrown [s\open\src\hotspot\share\prims\jni.cpp, line 536]
Event: 2.242 Thread 0x000001f8d5137160 Exception <a 'java/lang/ClassNotFoundException'{0x00000000884495b0}: com/sun/javafx/scene/control/skin/resources/controls_en> (0x00000000884495b0) 
thrown [s\open\src\hotspot\share\prims\jni.cpp, line 536]
Event: 2.243 Thread 0x000001f8d5137160 Exception <a 'java/lang/ClassNotFoundException'{0x000000008844a558}: com/sun/javafx/scene/control/skin/resources/controls_en_US> (0x000000008844a558) 
thrown [s\open\src\hotspot\share\prims\jni.cpp, line 536]
Event: 2.304 Thread 0x000001f8d5137160 Exception <a 'java/lang/NoSuchMethodError'{0x00000000883fe698}: 'void java.lang.invoke.DirectMethodHandle$Holder.invokeSpecial(java.lang.Object, java.lang.Object, java.lang.Object, java.lang.Object, java.lang.Object, java.lang.Object)'> (0x00000000883fe698) 
thrown [s\open\src\hotspot\share\interpreter\linkResolver.cpp, line 774]
Event: 2.411 Thread 0x000001f8d5137160 Exception <a 'java/lang/NoSuchMethodError'{0x0000000087c4d8f8}: 'int java.lang.invoke.DirectMethodHandle$Holder.invokeSpecial(java.lang.Object, java.lang.Object, int)'> (0x0000000087c4d8f8) 
thrown [s\open\src\hotspot\share\interpreter\linkResolver.cpp, line 774]
Event: 2.425 Thread 0x000001f8d5137160 Exception <a 'java/lang/NoSuchMethodError'{0x0000000087c8c718}: 'java.lang.Object java.lang.invoke.DirectMethodHandle$Holder.newInvokeSpecial(java.lang.Object, java.lang.Object, int)'> (0x0000000087c8c718) 
thrown [s\open\src\hotspot\share\interpreter\linkResolver.cpp, line 774]
Event: 2.454 Thread 0x000001f8d55dcd80 Exception <a 'java/lang/NoSuchMethodError'{0x0000000087cffc10}: 'int java.lang.invoke.DirectMethodHandle$Holder.invokeStaticInit(java.lang.Object, java.lang.Object)'> (0x0000000087cffc10) 
thrown [s\open\src\hotspot\share\interpreter\linkResolver.cpp, line 774]
Event: 2.461 Thread 0x000001f8d5137160 Exception <a 'java/lang/NoSuchMethodError'{0x0000000087b2fd00}: 'long java.lang.invoke.DirectMethodHandle$Holder.invokeStatic(java.lang.Object, java.lang.Object, java.lang.Object)'> (0x0000000087b2fd00) 
thrown [s\open\src\hotspot\share\interpreter\linkResolver.cpp, line 774]
Event: 2.461 Thread 0x000001f8d5137160 Exception <a 'java/lang/NoSuchMethodError'{0x0000000087b33378}: 'long java.lang.invoke.DirectMethodHandle$Holder.invokeStaticInit(java.lang.Object, java.lang.Object, java.lang.Object)'> (0x0000000087b33378) 
thrown [s\open\src\hotspot\share\interpreter\linkResolver.cpp, line 774]
Event: 2.464 Thread 0x000001f8d5137160 Exception <a 'java/lang/NoSuchMethodError'{0x0000000087b8b4c0}: 'java.lang.Object java.lang.invoke.DirectMethodHandle$Holder.newInvokeSpecial(java.lang.Object, java.lang.Object, long)'> (0x0000000087b8b4c0) 
thrown [s\open\src\hotspot\share\interpreter\linkResolver.cpp, line 774]
Event: 2.465 Thread 0x000001f8d5137160 Exception <a 'java/lang/NoSuchMethodError'{0x0000000087b8f048}: 'java.lang.Object java.lang.invoke.Invokers$Holder.linkToTargetMethod(java.lang.Object, long, java.lang.Object)'> (0x0000000087b8f048) 
thrown [s\open\src\hotspot\share\interpreter\linkResolver.cpp, line 774]
Event: 2.506 Thread 0x000001f8d55dcd80 Exception <a 'java/lang/NullPointerException'{0x0000000087a1ecb8}> (0x0000000087a1ecb8) 
thrown [s\open\src\hotspot\share\interpreter\linkResolver.cpp, line 1458]
Event: 2.511 Thread 0x000001f8d55dcd80 Exception <a 'java/lang/NullPointerException'{0x0000000087a2d118}> (0x0000000087a2d118) 
thrown [s\open\src\hotspot\share\interpreter\linkResolver.cpp, line 1458]
Event: 2.994 Thread 0x000001f8d55dcd80 Exception <a 'java/lang/NullPointerException'{0x0000000087805f08}> (0x0000000087805f08) 
thrown [s\open\src\hotspot\share\interpreter\linkResolver.cpp, line 1458]

VM Operations (16 events):
Event: 0.289 Executing VM operation: HandshakeAllThreads
Event: 0.289 Executing VM operation: HandshakeAllThreads done
Event: 0.290 Executing VM operation: HandshakeAllThreads
Event: 0.290 Executing VM operation: HandshakeAllThreads done
Event: 0.380 Executing VM operation: HandshakeAllThreads
Event: 0.380 Executing VM operation: HandshakeAllThreads done
Event: 0.889 Executing VM operation: G1CollectForAllocation
Event: 0.893 Executing VM operation: G1CollectForAllocation done
Event: 1.013 Executing VM operation: HandshakeAllThreads
Event: 1.014 Executing VM operation: HandshakeAllThreads done
Event: 1.551 Executing VM operation: G1CollectForAllocation
Event: 1.558 Executing VM operation: G1CollectForAllocation done
Event: 1.636 Executing VM operation: HandshakeAllThreads
Event: 1.636 Executing VM operation: HandshakeAllThreads done
Event: 2.637 Executing VM operation: Cleanup
Event: 2.637 Executing VM operation: Cleanup done

Events (20 events):
Event: 0.070 Thread 0x000001f8d0a2ac30 Thread added: 0x000001f8d0a2ac30
Event: 0.070 Thread 0x000001f8d0a2cd10 Thread added: 0x000001f8d0a2cd10
Event: 0.070 Thread 0x000001f8d0a2df20 Thread added: 0x000001f8d0a2df20
Event: 0.070 Thread 0x000001f8d0a321c0 Thread added: 0x000001f8d0a321c0
Event: 0.071 Thread 0x000001f8d0a376a0 Thread added: 0x000001f8d0a376a0
Event: 0.071 Thread 0x000001f8d0a52f70 Thread added: 0x000001f8d0a52f70
Event: 0.134 Thread 0x000001f8d4cbb9a0 Thread added: 0x000001f8d4cbb9a0
Event: 0.246 Thread 0x000001f8d4d775a0 Thread added: 0x000001f8d4d775a0
Event: 0.376 Thread 0x000001f8d5293da0 Thread added: 0x000001f8d5293da0
Event: 0.376 Thread 0x000001f8d52942e0 Thread added: 0x000001f8d52942e0
Event: 0.955 Thread 0x000001f8d55dcd80 Thread added: 0x000001f8d55dcd80
Event: 1.030 Thread 0x000001f8d5652560 Thread added: 0x000001f8d5652560
Event: 1.035 Thread 0x000001f8d5137160 Thread added: 0x000001f8d5137160
Event: 1.162 Thread 0x000001f8d5796d30 Thread added: 0x000001f8d5796d30
Event: 1.182 Thread 0x000001f8d5768070 Thread added: 0x000001f8d5768070
Event: 1.291 Thread 0x000001f8d4d775a0 Thread exited: 0x000001f8d4d775a0
Event: 1.662 Thread 0x000001f8da267710 Thread added: 0x000001f8da267710
Event: 2.071 Thread 0x000001f8da267710 Thread exited: 0x000001f8da267710
Event: 2.160 Thread 0x000001f8d57685c0 Thread added: 0x000001f8d57685c0
Event: 2.962 Thread 0x000001f8d57695b0 Thread added: 0x000001f8d57695b0


Dynamic libraries:
0x00007ff6620b0000 - 0x00007ff6620c0000 	C:\Program Files\Java\jdk-19\bin\java.exe
0x00007ffe6f610000 - 0x00007ffe6f808000 	C:\WINDOWS\SYSTEM32\ntdll.dll
0x00007ffe6dab0000 - 0x00007ffe6db6f000 	C:\WINDOWS\System32\KERNEL32.DLL
0x00007ffe6cd40000 - 0x00007ffe6d012000 	C:\WINDOWS\System32\KERNELBASE.dll
0x00007ffe6d180000 - 0x00007ffe6d280000 	C:\WINDOWS\System32\ucrtbase.dll
0x00007ffe39df0000 - 0x00007ffe39e0b000 	C:\Program Files\Java\jdk-19\bin\VCRUNTIME140.dll
0x00007ffe42570000 - 0x00007ffe42588000 	C:\Program Files\Java\jdk-19\bin\jli.dll
0x00007ffe6eb40000 - 0x00007ffe6ebee000 	C:\WINDOWS\System32\ADVAPI32.dll
0x00007ffe6da10000 - 0x00007ffe6daae000 	C:\WINDOWS\System32\msvcrt.dll
0x00007ffe6ebf0000 - 0x00007ffe6ec8c000 	C:\WINDOWS\System32\sechost.dll
0x00007ffe6e980000 - 0x00007ffe6eaa4000 	C:\WINDOWS\System32\RPCRT4.dll
0x00007ffe6e7d0000 - 0x00007ffe6e971000 	C:\WINDOWS\System32\USER32.dll
0x00007ffe6d3e0000 - 0x00007ffe6d402000 	C:\WINDOWS\System32\win32u.dll
0x00007ffe6f570000 - 0x00007ffe6f59b000 	C:\WINDOWS\System32\GDI32.dll
0x00007ffe6d2d0000 - 0x00007ffe6d3df000 	C:\WINDOWS\System32\gdi32full.dll
0x00007ffe4d870000 - 0x00007ffe4db0a000 	C:\WINDOWS\WinSxS\amd64_microsoft.windows.common-controls_6595b64144ccf1df_6.0.19041.1110_none_60b5254171f9507e\COMCTL32.dll
0x00007ffe6d510000 - 0x00007ffe6d5ad000 	C:\WINDOWS\System32\msvcp_win.dll
0x00007ffe632e0000 - 0x00007ffe632ea000 	C:\WINDOWS\SYSTEM32\VERSION.dll
0x00007ffe6f5a0000 - 0x00007ffe6f5d0000 	C:\WINDOWS\System32\IMM32.DLL
0x00007ffe4eb80000 - 0x00007ffe4eb8c000 	C:\Program Files\Java\jdk-19\bin\vcruntime140_1.dll
0x00007ffe09670000 - 0x00007ffe096fe000 	C:\Program Files\Java\jdk-19\bin\msvcp140.dll
0x00007ffe08620000 - 0x00007ffe092e0000 	C:\Program Files\Java\jdk-19\bin\server\jvm.dll
0x00007ffe65b20000 - 0x00007ffe65b29000 	C:\WINDOWS\SYSTEM32\WSOCK32.dll
0x00007ffe64900000 - 0x00007ffe64927000 	C:\WINDOWS\SYSTEM32\WINMM.dll
0x00007ffe6f500000 - 0x00007ffe6f56b000 	C:\WINDOWS\System32\WS2_32.dll
0x00007ffe6abd0000 - 0x00007ffe6abe2000 	C:\WINDOWS\SYSTEM32\kernel.appcore.dll
0x00007ffe43dc0000 - 0x00007ffe43dca000 	C:\Program Files\Java\jdk-19\bin\jimage.dll
0x00007ffe65480000 - 0x00007ffe65664000 	C:\WINDOWS\SYSTEM32\DBGHELP.DLL
0x00007ffe5aa00000 - 0x00007ffe5aa35000 	C:\WINDOWS\SYSTEM32\dbgcore.DLL
0x00007ffe6d480000 - 0x00007ffe6d502000 	C:\WINDOWS\System32\bcryptPrimitives.dll
0x00007ffe65a40000 - 0x00007ffe65a4e000 	C:\Program Files\Java\jdk-19\bin\instrument.dll
0x00007ffe18790000 - 0x00007ffe187b6000 	C:\Program Files\Java\jdk-19\bin\java.dll
0x00007ffe08300000 - 0x00007ffe083d7000 	C:\Program Files\Java\jdk-19\bin\jsvml.dll
0x00007ffe6edb0000 - 0x00007ffe6f4f5000 	C:\WINDOWS\System32\SHELL32.dll
0x00007ffe6add0000 - 0x00007ffe6b562000 	C:\WINDOWS\SYSTEM32\windows.storage.dll
0x00007ffe6dd20000 - 0x00007ffe6e075000 	C:\WINDOWS\System32\combase.dll
0x00007ffe6c770000 - 0x00007ffe6c7a0000 	C:\WINDOWS\SYSTEM32\Wldp.dll
0x00007ffe6e720000 - 0x00007ffe6e7cd000 	C:\WINDOWS\System32\SHCORE.dll
0x00007ffe6dc50000 - 0x00007ffe6dca5000 	C:\WINDOWS\System32\shlwapi.dll
0x00007ffe6cc50000 - 0x00007ffe6cc6f000 	C:\WINDOWS\SYSTEM32\profapi.dll
0x00007ffe17bf0000 - 0x00007ffe17c03000 	C:\Program Files\Java\jdk-19\bin\net.dll
0x00007ffe63c60000 - 0x00007ffe63d6a000 	C:\WINDOWS\SYSTEM32\WINHTTP.dll
0x00007ffe6c4d0000 - 0x00007ffe6c53a000 	C:\WINDOWS\system32\mswsock.dll
0x00007ffe12420000 - 0x00007ffe12436000 	C:\Program Files\Java\jdk-19\bin\nio.dll
0x00007ffe0f7c0000 - 0x00007ffe0f7d8000 	C:\Program Files\Java\jdk-19\bin\zip.dll
0x00007ffe59c10000 - 0x00007ffe59c2a000 	C:\Program Files\JetBrains\IntelliJ IDEA 2022.3.3\bin\breakgen64.dll
0x000001f8b0c00000 - 0x000001f8b0c03000 	C:\Users\123\.openjfx\cache\19+11\amd64\api-ms-win-core-console-l1-1-0.dll
0x000001f8b0c10000 - 0x000001f8b0c13000 	C:\Users\123\.openjfx\cache\19+11\amd64\api-ms-win-core-console-l1-2-0.dll
0x000001f8b0c20000 - 0x000001f8b0c23000 	C:\Users\123\.openjfx\cache\19+11\amd64\api-ms-win-core-datetime-l1-1-0.dll
0x000001f8b0c30000 - 0x000001f8b0c33000 	C:\Users\123\.openjfx\cache\19+11\amd64\api-ms-win-core-debug-l1-1-0.dll
0x000001f8b29e0000 - 0x000001f8b29e3000 	C:\Users\123\.openjfx\cache\19+11\amd64\api-ms-win-core-errorhandling-l1-1-0.dll
0x000001f8b29f0000 - 0x000001f8b29f4000 	C:\Users\123\.openjfx\cache\19+11\amd64\api-ms-win-core-file-l1-1-0.dll
0x000001f8b2a00000 - 0x000001f8b2a03000 	C:\Users\123\.openjfx\cache\19+11\amd64\api-ms-win-core-file-l1-2-0.dll
0x000001f8b2a10000 - 0x000001f8b2a13000 	C:\Users\123\.openjfx\cache\19+11\amd64\api-ms-win-core-file-l2-1-0.dll
0x000001f8b2a20000 - 0x000001f8b2a23000 	C:\Users\123\.openjfx\cache\19+11\amd64\api-ms-win-core-handle-l1-1-0.dll
0x000001f8b2a30000 - 0x000001f8b2a33000 	C:\Users\123\.openjfx\cache\19+11\amd64\api-ms-win-core-heap-l1-1-0.dll
0x000001f8b2a40000 - 0x000001f8b2a43000 	C:\Users\123\.openjfx\cache\19+11\amd64\api-ms-win-core-interlocked-l1-1-0.dll
0x000001f8b2a50000 - 0x000001f8b2a53000 	C:\Users\123\.openjfx\cache\19+11\amd64\api-ms-win-core-libraryloader-l1-1-0.dll
0x000001f8d0ba0000 - 0x000001f8d0ba3000 	C:\Users\123\.openjfx\cache\19+11\amd64\api-ms-win-core-localization-l1-2-0.dll
0x000001f8d0bb0000 - 0x000001f8d0bb3000 	C:\Users\123\.openjfx\cache\19+11\amd64\api-ms-win-core-memory-l1-1-0.dll
0x000001f8d0bc0000 - 0x000001f8d0bc3000 	C:\Users\123\.openjfx\cache\19+11\amd64\api-ms-win-core-namedpipe-l1-1-0.dll
0x000001f8d0bd0000 - 0x000001f8d0bd3000 	C:\Users\123\.openjfx\cache\19+11\amd64\api-ms-win-core-processenvironment-l1-1-0.dll
0x000001f8d0be0000 - 0x000001f8d0be3000 	C:\Users\123\.openjfx\cache\19+11\amd64\api-ms-win-core-processthreads-l1-1-0.dll
0x000001f8d0bf0000 - 0x000001f8d0bf3000 	C:\Users\123\.openjfx\cache\19+11\amd64\api-ms-win-core-processthreads-l1-1-1.dll
0x000001f8d5800000 - 0x000001f8d5803000 	C:\Users\123\.openjfx\cache\19+11\amd64\api-ms-win-core-profile-l1-1-0.dll
0x000001f8d5810000 - 0x000001f8d5813000 	C:\Users\123\.openjfx\cache\19+11\amd64\api-ms-win-core-rtlsupport-l1-1-0.dll
0x000001f8d5820000 - 0x000001f8d5823000 	C:\Users\123\.openjfx\cache\19+11\amd64\api-ms-win-core-string-l1-1-0.dll
0x000001f8d5830000 - 0x000001f8d5833000 	C:\Users\123\.openjfx\cache\19+11\amd64\api-ms-win-core-synch-l1-1-0.dll
0x000001f8d5840000 - 0x000001f8d5843000 	C:\Users\123\.openjfx\cache\19+11\amd64\api-ms-win-core-synch-l1-2-0.dll
0x000001f8d5850000 - 0x000001f8d5853000 	C:\Users\123\.openjfx\cache\19+11\amd64\api-ms-win-core-sysinfo-l1-1-0.dll
0x000001f8d5860000 - 0x000001f8d5863000 	C:\Users\123\.openjfx\cache\19+11\amd64\api-ms-win-core-timezone-l1-1-0.dll
0x000001f8d5870000 - 0x000001f8d5873000 	C:\Users\123\.openjfx\cache\19+11\amd64\api-ms-win-core-util-l1-1-0.dll
0x000001f8d5880000 - 0x000001f8d5883000 	C:\Users\123\.openjfx\cache\19+11\amd64\api-ms-win-crt-conio-l1-1-0.dll
0x000001f8d5890000 - 0x000001f8d5894000 	C:\Users\123\.openjfx\cache\19+11\amd64\api-ms-win-crt-convert-l1-1-0.dll
0x000001f8d58a0000 - 0x000001f8d58a3000 	C:\Users\123\.openjfx\cache\19+11\amd64\api-ms-win-crt-environment-l1-1-0.dll
0x000001f8d58b0000 - 0x000001f8d58b3000 	C:\Users\123\.openjfx\cache\19+11\amd64\api-ms-win-crt-filesystem-l1-1-0.dll
0x000001f8d58c0000 - 0x000001f8d58c3000 	C:\Users\123\.openjfx\cache\19+11\amd64\api-ms-win-crt-heap-l1-1-0.dll
0x000001f8d58d0000 - 0x000001f8d58d3000 	C:\Users\123\.openjfx\cache\19+11\amd64\api-ms-win-crt-locale-l1-1-0.dll
0x000001f8d58e0000 - 0x000001f8d58e5000 	C:\Users\123\.openjfx\cache\19+11\amd64\api-ms-win-crt-math-l1-1-0.dll
0x000001f8d58f0000 - 0x000001f8d58f5000 	C:\Users\123\.openjfx\cache\19+11\amd64\api-ms-win-crt-multibyte-l1-1-0.dll
0x000001f8d5900000 - 0x000001f8d5910000 	C:\Users\123\.openjfx\cache\19+11\amd64\api-ms-win-crt-private-l1-1-0.dll
0x000001f8d5910000 - 0x000001f8d5913000 	C:\Users\123\.openjfx\cache\19+11\amd64\api-ms-win-crt-process-l1-1-0.dll
0x000001f8d5920000 - 0x000001f8d5924000 	C:\Users\123\.openjfx\cache\19+11\amd64\api-ms-win-crt-runtime-l1-1-0.dll
0x000001f8d5930000 - 0x000001f8d5934000 	C:\Users\123\.openjfx\cache\19+11\amd64\api-ms-win-crt-stdio-l1-1-0.dll
0x000001f8d5940000 - 0x000001f8d5944000 	C:\Users\123\.openjfx\cache\19+11\amd64\api-ms-win-crt-string-l1-1-0.dll
0x000001f8d5950000 - 0x000001f8d5953000 	C:\Users\123\.openjfx\cache\19+11\amd64\api-ms-win-crt-time-l1-1-0.dll
0x000001f8d5960000 - 0x000001f8d5963000 	C:\Users\123\.openjfx\cache\19+11\amd64\api-ms-win-crt-utility-l1-1-0.dll
0x00007ffe39190000 - 0x00007ffe3928c000 	C:\Users\123\.openjfx\cache\19+11\amd64\ucrtbase.dll
0x00007ffe59790000 - 0x00007ffe597ab000 	C:\Users\123\.openjfx\cache\19+11\amd64\vcruntime140.dll
0x00007ffe60020000 - 0x00007ffe6002c000 	C:\Users\123\.openjfx\cache\19+11\amd64\vcruntime140_1.dll
0x00007ffe43ea0000 - 0x00007ffe43f2e000 	C:\Users\123\.openjfx\cache\19+11\amd64\msvcp140.dll
0x00007ffe5b210000 - 0x00007ffe5b219000 	C:\Users\123\.openjfx\cache\19+11\amd64\msvcp140_1.dll
0x00007ffe56b20000 - 0x00007ffe56b50000 	C:\Users\123\.openjfx\cache\19+11\amd64\msvcp140_2.dll
0x00007ffe56680000 - 0x00007ffe566ac000 	C:\Users\123\.openjfx\cache\19+11\amd64\prism_d3d.dll
0x00007ffe269a0000 - 0x00007ffe26b6e000 	C:\WINDOWS\system32\d3d9.dll
0x00007ffe6a8e0000 - 0x00007ffe6a90f000 	C:\WINDOWS\SYSTEM32\dwmapi.dll
0x00007ffe6a660000 - 0x00007ffe6a6fe000 	C:\WINDOWS\system32\uxtheme.dll
0x00007ffe12610000 - 0x00007ffe14b4d000 	C:\WINDOWS\SYSTEM32\igdumdim64.dll
0x00007ffe6d940000 - 0x00007ffe6da0d000 	C:\WINDOWS\System32\OLEAUT32.dll
0x00007ffe6e5d0000 - 0x00007ffe6e6fa000 	C:\WINDOWS\System32\ole32.dll
0x00007ffe6e090000 - 0x00007ffe6e4f8000 	C:\WINDOWS\System32\SETUPAPI.dll
0x00007ffe6d280000 - 0x00007ffe6d2ce000 	C:\WINDOWS\System32\cfgmgr32.dll
0x00007ffe6cd10000 - 0x00007ffe6cd37000 	C:\WINDOWS\System32\bcrypt.dll
0x00007ffe51880000 - 0x00007ffe518c2000 	C:\Users\123\.openjfx\cache\19+11\amd64\glass.dll
0x00007ffe6db70000 - 0x00007ffe6dc4a000 	C:\WINDOWS\System32\COMDLG32.dll
0x00007ffe6ec90000 - 0x00007ffe6eda4000 	C:\WINDOWS\System32\MSCTF.dll
0x00007ffe56fa0000 - 0x00007ffe579df000 	C:\WINDOWS\SYSTEM32\igdusc64.dll
0x00007ffe56f60000 - 0x00007ffe56f9b000 	C:\WINDOWS\SYSTEM32\dxcore.dll
0x00007ffe55600000 - 0x00007ffe5562d000 	C:\Users\123\.openjfx\cache\19+11\amd64\javafx_iio.dll
0x00007ffe56c10000 - 0x00007ffe56c24000 	C:\Users\123\.openjfx\cache\19+11\amd64\javafx_font.dll
0x00007ffe5a3f0000 - 0x00007ffe5a66f000 	C:\WINDOWS\SYSTEM32\dwrite.dll
0x00007ffe6d660000 - 0x00007ffe6d709000 	C:\WINDOWS\System32\clbcatq.dll
0x00007ffe593e0000 - 0x00007ffe59594000 	C:\WINDOWS\SYSTEM32\WindowsCodecs.dll
0x00007ffe4f4f0000 - 0x00007ffe4f52e000 	C:\WINDOWS\system32\dataexchange.dll
0x00007ffe69090000 - 0x00007ffe692f3000 	C:\WINDOWS\system32\d3d11.dll
0x00007ffe69a20000 - 0x00007ffe69c03000 	C:\WINDOWS\system32\dcomp.dll
0x00007ffe6b5d0000 - 0x00007ffe6b6c3000 	C:\WINDOWS\system32\dxgi.dll
0x00007ffe65ef0000 - 0x00007ffe660f0000 	C:\WINDOWS\system32\twinapi.appcore.dll
0x00007ffe56b50000 - 0x00007ffe56b84000 	C:\Program Files\Common Files\Microsoft Shared\Ink\rtscom.dll
0x00007ffe66e70000 - 0x00007ffe66f69000 	C:\WINDOWS\SYSTEM32\textinputframework.dll
0x00007ffe6a2f0000 - 0x00007ffe6a3e2000 	C:\WINDOWS\System32\CoreMessaging.dll
0x00007ffe69f90000 - 0x00007ffe6a2ee000 	C:\WINDOWS\System32\CoreUIComponents.dll
0x00007ffe6bea0000 - 0x00007ffe6bed3000 	C:\WINDOWS\SYSTEM32\ntmarta.dll
0x00007ffe69300000 - 0x00007ffe69454000 	C:\WINDOWS\SYSTEM32\wintypes.dll
0x00007ffe56ef0000 - 0x00007ffe56f56000 	C:\WINDOWS\system32\Oleacc.dll

dbghelp: loaded successfully - version: 4.0.5 - missing functions: none
symbol engine: initialized successfully - sym options: 0x614 - pdb path: .;C:\Program Files\Java\jdk-19\bin;C:\WINDOWS\SYSTEM32;C:\WINDOWS\WinSxS\amd64_microsoft.windows.common-controls_6595b64144ccf1df_6.0.19041.1110_none_60b5254171f9507e;C:\Program Files\Java\jdk-19\bin\server;C:\Program Files\JetBrains\IntelliJ IDEA 2022.3.3\bin;C:\Users\123\.openjfx\cache\19+11\amd64;C:\Program Files\Common Files\Microsoft Shared\Ink

VM Arguments:
jvm_args: -javaagent:C:\Program Files\JetBrains\IntelliJ IDEA 2022.3.3\lib\idea_rt.jar=51274:C:\Program Files\JetBrains\IntelliJ IDEA 2022.3.3\bin -Dfile.encoding=UTF-8 -Dsun.stdout.encoding=UTF-8 -Dsun.stderr.encoding=UTF-8 --module-path=C:\Users\123\IdeaProjects\DB JavaFx Assignment\target\classes;C:\Users\123\.m2\repository\org\openjfx\javafx-fxml\19\javafx-fxml-19-win.jar;C:\Users\123\.m2\repository\org\openjfx\javafx-base\19\javafx-base-19-win.jar;C:\Users\123\.m2\repository\org\controlsfx\controlsfx\11.1.2\controlsfx-11.1.2.jar;C:\Users\123\.m2\repository\com\dlsc\formsfx\formsfx-core\11.5.0\formsfx-core-11.5.0.jar;C:\Users\123\.m2\repository\org\openjfx\javafx-controls\19\javafx-controls-19-win.jar;C:\Users\123\.m2\repository\org\openjfx\javafx-graphics\19\javafx-graphics-19-win.jar -Djdk.module.main=com.example.dbjavafxassignment 
java_command: com.example.dbjavafxassignment/com.example.dbjavafxassignment.Main
java_class_path (initial): C:\Users\123\.m2\repository\org\openjfx\javafx-controls\19\javafx-controls-19.jar;C:\Users\123\.m2\repository\org\openjfx\javafx-graphics\19\javafx-graphics-19.jar;C:\Users\123\.m2\repository\org\openjfx\javafx-base\19\javafx-base-19.jar;C:\Users\123\.m2\repository\org\openjfx\javafx-fxml\19\javafx-fxml-19.jar;C:\Users\123\Downloads\Compressed\mysql-connector-j-8.0.32\mysql-connector-j-8.0.32\mysql-connector-j-8.0.32.jar
Launcher Type: SUN_STANDARD

[Global flags]
     intx CICompilerCount                          = 3                                         {product} {ergonomic}
     uint ConcGCThreads                            = 1                                         {product} {ergonomic}
     uint G1ConcRefinementThreads                  = 4                                         {product} {ergonomic}
   size_t G1HeapRegionSize                         = 1048576                                   {product} {ergonomic}
    uintx GCDrainStackTargetSize                   = 64                                        {product} {ergonomic}
   size_t InitialHeapSize                          = 134217728                                 {product} {ergonomic}
   size_t MarkStackSize                            = 4194304                                   {product} {ergonomic}
   size_t MaxHeapSize                              = 2124414976                                {product} {ergonomic}
   size_t MaxNewSize                               = 1274019840                                {product} {ergonomic}
   size_t MinHeapDeltaBytes                        = 1048576                                   {product} {ergonomic}
   size_t MinHeapSize                              = 8388608                                   {product} {ergonomic}
    uintx NonNMethodCodeHeapSize                   = 5832780                                {pd product} {ergonomic}
    uintx NonProfiledCodeHeapSize                  = 122912730                              {pd product} {ergonomic}
    uintx ProfiledCodeHeapSize                     = 122912730                              {pd product} {ergonomic}
    uintx ReservedCodeCacheSize                    = 251658240                              {pd product} {ergonomic}
     bool SegmentedCodeCache                       = true                                      {product} {ergonomic}
   size_t SoftMaxHeapSize                          = 2124414976                             {manageable} {ergonomic}
     bool UseCompressedClassPointers               = true                           {product lp64_product} {ergonomic}
     bool UseCompressedOops                        = true                           {product lp64_product} {ergonomic}
     bool UseG1GC                                  = true                                      {product} {ergonomic}
     bool UseLargePagesIndividualAllocation        = false                                  {pd product} {ergonomic}

Logging:
Log output configuration:
 #0: stdout all=warning uptime,level,tags foldmultilines=false
 #1: stderr all=off uptime,level,tags foldmultilines=false

Environment Variables:
JAVA_HOME=C:\Program Files\Java\jdk-19
PATH=C:\Program Files\Common Files\Oracle\Java\javapath;C:\Python311\Scripts\;C:\Python311\;C:\WINDOWS\system32;C:\WINDOWS;C:\WINDOWS\System32\Wbem;C:\WINDOWS\System32\WindowsPowerShell\v1.0\;C:\WINDOWS\System32\OpenSSH\;C:\MinGW\bin;C:\Program Files\Git\cmd;C:\MinGW\bin;C:\Program Files\nodejs\;C:\ProgramData\chocolatey\bin;C:\Program Files (x86)\Microsoft SQL Server\160\Tools\Binn\;C:\Program Files\Microsoft SQL Server\160\Tools\Binn\;C:\Program Files\Microsoft SQL Server\Client SDK\ODBC\170\Tools\Binn\;C:\Program Files\Microsoft SQL Server\160\DTS\Binn\;C:\Program Files (x86)\Microsoft SQL Server\160\DTS\Binn\;C:\Program Files\Azure Data Studio\bin;C:\Program Files\dotnet\;C:\Program Files\Java\jdk-19\bin;C:\Users\123\Downloads\Compressed\apache-maven-3.9.0-bin\apache-maven-3.9.0\bin;C:\Program Files\MySQL\MySQL Shell 8.0\bin\;C:\Users\123\AppData\Local\Microsoft\WindowsApps;C:\MinGW\bin;C:\Users\123\AppData\Local\Programs\Microsoft VS Code\bin;C:\MinGW\bin;C:\Users\123\AppData\Roaming\npm;C:\Program Files\Azure Data Studio\bin;C:\Program Files\JetBrains\IntelliJ IDEA Community Edition 2022.3.3\bin;;C:\Program Files\JetBrains\IntelliJ IDEA 2022.3.3\bin;;C:\Users\123\Downloads\Compressed\apache-maven-3.9.0-bin\apache-maven-3.9.0\bin;
USERNAME=123
OS=Windows_NT
PROCESSOR_IDENTIFIER=Intel64 Family 6 Model 69 Stepping 1, GenuineIntel
TMP=C:\Users\123\AppData\Local\Temp
TEMP=C:\Users\123\AppData\Local\Temp



---------------  S Y S T E M  ---------------

OS:
 Windows 10 , 64 bit Build 19041 (10.0.19041.2546)
OS uptime: 15 days 4:57 hours

CPU: total 4 (initial active 4) (2 cores per cpu, 2 threads per core) family 6 model 69 stepping 1 microcode 0x25, cx8, cmov, fxsr, ht, mmx, sse, sse2, sse3, ssse3, sse4.1, sse4.2, popcnt, lzcnt, tsc, tscinvbit, avx, avx2, aes, erms, clmul, bmi1, bmi2, fma, vzeroupper, clflush, rdtscp

Memory: 4k page, system-wide physical 8097M (416M free)
TotalPageFile size 10145M (AvailPageFile size 5M)
current process WorkingSet (physical memory assigned to process): 136M, peak: 136M
current process commit charge ("private bytes"): 280M, peak: 280M

vm_info: Java HotSpot(TM) 64-Bit Server VM (19.0.2+7-44) for windows-amd64 JRE (19.0.2+7-44), built on 2022-11-30T18:02:09Z by "mach5one" with MS VC++ 17.1 (VS2022)

END.
